head node 172.31.46.9
total cpus 64.0
cluster_grid (0, 0) node:172.31.46.9
cluster_shape (1, 1)
[1024, 1024, [0.0036957263946533203, 0.0010514259338378906, 0.002427816390991211, 0.002039670944213867, 0.0017364025115966797]],
[2048, 2048, [0.00145721435546875, 0.0014035701751708984, 0.0012850761413574219, 0.001402139663696289, 0.0012292861938476562]],
[4096, 4096, [0.0013842582702636719, 0.0014355182647705078, 0.0012507438659667969, 0.0012612342834472656, 0.0013141632080078125]],
[8192, 8192, [0.001985788345336914, 0.0033788681030273438, 0.0018880367279052734, 0.0021631717681884766, 0.001855611801147461]],
[16384, 16384, [0.0020186901092529297, 0.0018572807312011719, 0.0017795562744140625, 0.0018508434295654297, 0.0020825862884521484]],
[32768, 32768, [0.002201557159423828, 0.002100706100463867, 0.002041339874267578, 0.0020210742950439453, 0.0018537044525146484]],
[65536, 65536, [0.0023834705352783203, 0.002092123031616211, 0.0024824142456054688, 0.0018815994262695312, 0.0018258094787597656]],
[131072, 131072, [0.002176523208618164, 0.002212047576904297, 0.0021829605102539062, 0.0019445419311523438, 0.00218963623046875]],
[262144, 262144, [0.0020537376403808594, 0.0018129348754882812, 0.0018925666809082031, 0.0018305778503417969, 0.001863241195678711]],
[524288, 524288, [0.0022644996643066406, 0.0018353462219238281, 0.0021986961364746094, 0.001668691635131836, 0.0019989013671875]],
[2048, 1024, [0.045372962951660156, 0.023838281631469727, 0.11784839630126953, 0.05982184410095215, 0.10030794143676758]],
[4096, 2048, [0.12013459205627441, 0.09436178207397461, 0.06954288482666016, 0.1098933219909668, 0.08809804916381836]],
[8192, 4096, [0.08873105049133301, 0.12405800819396973, 0.12349653244018555, 0.1255664825439453, 0.10438132286071777]],
[16384, 8192, [0.03523993492126465, 0.10211777687072754, 0.12435388565063477, 0.10829639434814453, 0.10061788558959961]],
[32768, 16384, [0.10813069343566895, 0.08245635032653809, 0.07803964614868164, 0.08824634552001953, 0.0694580078125]],
[65536, 32768, [0.07303142547607422, 0.07704877853393555, 0.10678553581237793, 0.12787461280822754, 0.0940089225769043]],
[131072, 65536, [0.12862277030944824, 0.09095358848571777, 0.10898327827453613, 0.08859801292419434, 0.09606266021728516]],
[262144, 131072, [0.10396337509155273, 0.09494400024414062, 0.08519411087036133, 0.06470966339111328, 0.07635354995727539]],
[524288, 262144, [0.07857370376586914, 0.19149208068847656, 0.10938763618469238, 0.06357789039611816, 0.07650899887084961]],
[1048576, 524288, [0.07516264915466309, 0.07417917251586914, 0.08553242683410645, 0.10850667953491211, 0.09754610061645508]],
[4096, 1024, [0.44126319885253906, 0.4900023937225342, 0.39351344108581543, 0.44278740882873535, 0.3920266628265381]],
[8192, 2048, [0.421522855758667, 0.4135134220123291, 0.44153833389282227, 0.40677690505981445, 0.4079768657684326]],
[16384, 4096, [0.43551015853881836, 0.40142250061035156, 0.30886340141296387, 0.34536194801330566, 0.4554722309112549]],
[32768, 8192, [0.4412968158721924, 0.48032116889953613, 0.5166971683502197, 0.44029831886291504, 0.36786699295043945]],
[65536, 16384, [0.40160274505615234, 0.37861061096191406, 0.6077268123626709, 0.3419063091278076, 0.2895824909210205]],
[131072, 32768, [0.2744290828704834, 0.2459876537322998, 0.28870177268981934, 0.26090502738952637, 0.3456106185913086]],
[262144, 65536, [0.2863767147064209, 0.2613997459411621, 0.23314261436462402, 0.2701416015625, 0.31153225898742676]],
[524288, 131072, [0.33983826637268066, 0.31884026527404785, 0.3536083698272705, 0.3682999610900879, 0.3444943428039551]],
[1048576, 262144, [0.3179013729095459, 0.30730223655700684, 0.31259822845458984, 0.27624988555908203, 0.3118584156036377]],
[2097152, 524288, [0.322253942489624, 0.31749868392944336, 0.3488469123840332, 0.339505672454834, 0.31633520126342773]],
[8192, 1024, [1.4107401371002197, 1.2671544551849365, 1.404129981994629, 1.645458459854126, 1.4558298587799072]],
[16384, 2048, [1.6067595481872559, 1.6973838806152344, 8.488118886947632, 1.4909038543701172, 1.4077191352844238]],
[32768, 4096, [1.901590347290039, 1.8050825595855713, 3.6771867275238037, 2.734023094177246, 1.1252555847167969]],
[65536, 8192, [1.1650471687316895, 0.9274113178253174, 1.1147589683532715, 9.026912689208984, 5.565399169921875]],
[131072, 16384, [0.6989362239837646, 3.417205572128296, 4.40934419631958, 0.5801634788513184, 11.281793355941772]],
[262144, 32768, [0.6681568622589111, 0.733112096786499, 0.6712746620178223, 0.447681188583374, 0.47791314125061035]],
