head node 172.31.46.9
total cpus 64.0
cluster_grid (0, 0) node:172.31.46.9
cluster_shape (1, 1)
[1024, 1024, [0.0041964054107666016, 0.0033507347106933594, 0.0030248165130615234, 0.0030775070190429688, 0.012505531311035156]],
[2048, 2048, [0.003069639205932617, 0.020954608917236328, 0.0048885345458984375, 0.009503841400146484, 0.004590272903442383]],
[4096, 4096, [0.009972572326660156, 0.0029861927032470703, 0.0035240650177001953, 0.0030078887939453125, 0.0028634071350097656]],
[8192, 8192, [0.003872394561767578, 0.0032749176025390625, 0.004273891448974609, 0.003112316131591797, 0.002949953079223633]],
[16384, 16384, [0.004108428955078125, 0.0025992393493652344, 0.0035867691040039062, 0.002810239791870117, 0.0034177303314208984]],
[32768, 32768, [0.0038404464721679688, 0.004027605056762695, 0.003935813903808594, 0.003913402557373047, 0.0041332244873046875]],
[65536, 65536, [0.0036475658416748047, 0.004169940948486328, 0.004339456558227539, 0.004557371139526367, 0.003994464874267578]],
[131072, 131072, [0.00469660758972168, 0.002655029296875, 0.0034949779510498047, 0.0037813186645507812, 0.0037622451782226562]],
[262144, 262144, [0.006304502487182617, 0.006626605987548828, 0.005194664001464844, 0.006352901458740234, 0.0066525936126708984]],
[524288, 524288, [0.008426666259765625, 0.008142709732055664, 0.004621744155883789, 0.0036191940307617188, 0.004279375076293945]],
[2048, 1024, [0.08605527877807617, 0.16341233253479004, 0.107025146484375, 0.1991724967956543, 0.27328991889953613]],
[4096, 2048, [0.1789844036102295, 0.07530999183654785, 0.0626840591430664, 0.10812687873840332, 0.2149808406829834]],
[8192, 4096, [0.12952232360839844, 0.1186370849609375, 0.16289210319519043, 0.11298680305480957, 0.10384035110473633]],
[16384, 8192, [0.11970758438110352, 0.09908723831176758, 0.21703672409057617, 2.1724298000335693, 0.17580413818359375]],
[32768, 16384, [0.18308615684509277, 0.1823253631591797, 0.16194915771484375, 0.11473679542541504, 0.16960382461547852]],
[65536, 32768, [0.17182683944702148, 0.16612029075622559, 0.16757702827453613, 0.15598106384277344, 0.15880227088928223]],
[131072, 65536, [0.1519167423248291, 0.16908621788024902, 0.11320781707763672, 0.08521771430969238, 0.1340038776397705]],
[262144, 131072, [0.09563946723937988, 0.10440874099731445, 0.09092950820922852, 0.09632444381713867, 0.12203836441040039]],
[524288, 262144, [0.11829686164855957, 0.12482595443725586, 0.08221745491027832, 0.0981135368347168, 0.1107487678527832]],
[1048576, 524288, [0.11200189590454102, 0.12152695655822754, 0.11882710456848145, 0.09272289276123047, 0.09120845794677734]],
[4096, 1024, [2.299023151397705, 1.0480828285217285, 0.8670928478240967, 2.0588624477386475, 0.8702008724212646]],
[8192, 2048, [0.9166524410247803, 0.9250240325927734, 0.929527759552002, 2.5675652027130127, 0.7096536159515381]],
[16384, 4096, [0.8027722835540771, 0.9732506275177002, 0.7999546527862549, 0.8864898681640625, 3.16760516166687]],
[32768, 8192, [0.9576528072357178, 1.1100633144378662, 0.8262832164764404, 0.943427324295044, 0.8295063972473145]],
[65536, 16384, [0.6664228439331055, 0.37792420387268066, 0.4941139221191406, 0.6307852268218994, 0.39511728286743164]],
[131072, 32768, [0.3719797134399414, 0.40256547927856445, 0.31757402420043945, 0.42026567459106445, 0.7446503639221191]],
[262144, 65536, [0.3988161087036133, 0.49845004081726074, 0.4157755374908447, 0.31545281410217285, 0.3130500316619873]],
[524288, 131072, [0.452667236328125, 0.3411879539489746, 0.3548555374145508, 0.4965975284576416, 0.457582950592041]],
[1048576, 262144, [0.23651742935180664, 0.44234681129455566, 0.37754297256469727, 0.1885528564453125, 0.5478100776672363]],
[2097152, 524288, [0.3221158981323242, 0.30458712577819824, 0.2535862922668457, 0.4230942726135254, 0.3906559944152832]],
[8192, 1024, [3.7773244380950928, 3.095703601837158, 2.8021719455718994, 2.3778061866760254, 1.9540824890136719]],
[16384, 2048, [1.8515293598175049, 2.2599294185638428, 2.0849921703338623, 1.783637523651123, 1.8068132400512695]],
[32768, 4096, [1.9487662315368652, 1.6254630088806152, 1.769742488861084, 1.9957544803619385, 5.669251441955566]],
[65536, 8192, [4.6307690143585205, 4.3596014976501465, 4.7563252449035645, 1.8303430080413818, 1.5364017486572266]],
[131072, 16384, [1.5487864017486572, 1.4363775253295898, 1.6995913982391357, 1.6523292064666748, 1.9295158386230469]],
[262144, 32768, [2.172569513320923, 1.9842314720153809, 2.0958807468414307, 2.221989631652832, 3.3613131046295166]],
[524288, 65536, [2.333214282989502, 2.4556403160095215, 2.202512502670288, 4.537267446517944, 2.414398431777954]],
[1048576, 131072, [2.1649398803710938, 2.0292112827301025, 3.058201789855957, 1.7674310207366943, 2.128406286239624]],
[2097152, 262144, [4.05584454536438, 4.538755178451538, 4.3026039600372314, 5.055272102355957, 3.342461109161377]],
[4194304, 524288, [7.845927953720093, 6.759156942367554, 19.869057178497314, 28.707786560058594, 15.929759740829468]],
[16384, 1024, [262.5755434036255, 60.77873969078064, 26.884453535079956, 22.782823085784912, 18.59591317176819]],
[32768, 2048, [15.003187417984009, 14.896716356277466, 13.001837253570557, 13.568895816802979, 15.39218807220459]],
[65536, 4096, [12.647040128707886, 13.51137900352478, 13.134175777435303, 13.392736911773682, 13.735257148742676]],
[131072, 8192, [13.737807273864746, 16.58556866645813, 13.74742841720581, 13.995470523834229, 13.30790400505066]],
[262144, 16384, [13.962392568588257, 13.647247076034546, 13.648307085037231, 14.69284701347351, 13.596080303192139]],
[524288, 32768, [18.609890699386597, 15.098131895065308, 14.867165565490723, 15.306619644165039, 14.85524582862854]],
[1048576, 65536, [14.409986019134521, 15.263630867004395, 14.128553867340088, 45.04853630065918, 111.3069076538086]],
[2097152, 131072, [21.08085322380066, 16.606316804885864, 10.660167694091797, 12.717634916305542, 10.637367725372314]],
[4194304, 262144, [10.54653024673462, 10.474738121032715, 10.682007551193237, 10.786596298217773, 10.594685554504395]],
[8388608, 524288, [10.596380472183228, 10.725728988647461, 10.541684865951538, 10.47363543510437, 10.66174840927124]],
[32768, 1024, [82.59611654281616, 88.51554846763611, 83.00426387786865, 83.17426872253418, 81.80900025367737]],
[65536, 2048, [83.08439946174622, 83.4453432559967, 83.59279012680054, 83.93360996246338, 94.36475896835327]],
[131072, 4096, [83.15936136245728, 82.98011779785156, 85.35902881622314, 82.99671840667725, 83.59906268119812]],
[262144, 8192, [83.50308203697205, 83.7775559425354, 83.00013065338135, 84.58195209503174, 83.5553126335144]],
[524288, 16384, [83.42395997047424, 83.8267753124237, 84.46000409126282, 84.3360800743103, 84.12108063697815]],
[1048576, 32768, [107.25293612480164, 85.41192579269409, 84.51815462112427, 84.42235946655273, 84.98989057540894]],
[2097152, 65536, [84.44176149368286, 85.1696503162384, 84.01071619987488, 83.9184730052948, 83.89916443824768]],
[4194304, 131072, [84.39798641204834, 83.92507886886597, 83.9302270412445, 84.61783289909363, 84.01000809669495]],
[8388608, 262144, [84.15921759605408, 83.6502742767334, 88.93286657333374, 84.89298295974731, 84.03730607032776]],
[16777216, 524288, [84.94891214370728, 87.05144119262695, 88.05660343170166, 86.94241976737976, 86.99573373794556]],
[65536, 1024, [743.6825113296509, 690.6252267360687, 693.5523030757904, 690.9927756786346, 693.8261790275574]],
[131072, 2048, [691.7172899246216, 692.840868473053, 694.5827491283417, 766.6214570999146, 735.6522006988525]],
[262144, 4096, [702.367977142334, 711.4022216796875, 713.3744940757751, 707.3515796661377, 705.7397451400757]],
