head node 172.31.46.9
total cpus 64.0
cluster_grid (0, 0) node:172.31.46.9
cluster_shape (1, 1)
[1024, 1024, [0.0068416595458984375, 0.003355741500854492, 0.003087282180786133, 0.0045909881591796875, 0.004709005355834961]],
[2048, 2048, [0.003515005111694336, 0.0036232471466064453, 0.006124973297119141, 0.004359722137451172, 0.004926443099975586]],
[4096, 4096, [0.005117177963256836, 0.004849672317504883, 0.004427194595336914, 0.0048503875732421875, 0.00518798828125]],
[8192, 8192, [0.00567936897277832, 0.004804372787475586, 0.0055658817291259766, 0.0050487518310546875, 0.0052568912506103516]],
[16384, 16384, [0.005633354187011719, 0.005257606506347656, 0.0053501129150390625, 0.005409717559814453, 0.005375385284423828]],
[32768, 32768, [0.005467891693115234, 0.004704952239990234, 0.004024982452392578, 0.004599571228027344, 0.003965139389038086]],
[65536, 65536, [0.004160642623901367, 0.00440669059753418, 0.004120588302612305, 0.004379749298095703, 0.004536151885986328]],
[131072, 131072, [0.004209756851196289, 0.003186941146850586, 0.0034623146057128906, 0.0030257701873779297, 0.0028269290924072266]],
[262144, 262144, [0.004678487777709961, 0.0044786930084228516, 0.004985332489013672, 0.004990100860595703, 0.0049626827239990234]],
[524288, 524288, [0.005452871322631836, 0.006150960922241211, 0.0037851333618164062, 0.004902839660644531, 0.0038251876831054688]],
[2048, 1024, [0.12338662147521973, 0.13142776489257812, 0.10897421836853027, 0.22019338607788086, 0.210845947265625]],
[4096, 2048, [0.15615344047546387, 0.15316009521484375, 0.2455425262451172, 0.24712061882019043, 0.16861796379089355]],
[8192, 4096, [0.16221165657043457, 0.09779596328735352, 0.16131949424743652, 0.17747211456298828, 0.11687421798706055]],
[16384, 8192, [0.1506185531616211, 0.12549304962158203, 0.2941770553588867, 0.23558306694030762, 0.2631840705871582]],
[32768, 16384, [0.2962648868560791, 0.2666797637939453, 0.20735716819763184, 0.21206331253051758, 0.17395687103271484]],
[65536, 32768, [0.18423104286193848, 0.19939231872558594, 0.26274919509887695, 0.10059189796447754, 0.08623504638671875]],
[131072, 65536, [0.16867470741271973, 0.22514986991882324, 0.04666566848754883, 0.11504173278808594, 0.08873248100280762]],
[262144, 131072, [0.11683058738708496, 0.09130239486694336, 0.11589574813842773, 0.07708501815795898, 0.08008718490600586]],
[524288, 262144, [0.27019786834716797, 0.1603384017944336, 0.18703746795654297, 0.19414353370666504, 0.1347050666809082]],
[1048576, 524288, [0.11642861366271973, 0.18697142601013184, 0.04893755912780762, 0.08539843559265137, 0.03963899612426758]],
[4096, 1024, [0.5448389053344727, 1.2455048561096191, 0.9808247089385986, 0.7859971523284912, 0.5955691337585449]],
[8192, 2048, [0.9519245624542236, 0.5998172760009766, 0.7179312705993652, 0.6710109710693359, 0.9175131320953369]],
